<?xml version="1.0" encoding="UTF-8"?>
<!-- Generated by org.testng.reporters.JUnitXMLReporter -->
<testsuite ignored="0" hostname="G1L5CG1448W14" failures="1" tests="1" name="Default test" time="0.848" errors="0" timestamp="2025-09-18T20:07:55 IST">
  <testcase classname="io.cucumber.testng.AbstractTestNGCucumberTests" name="runScenario" time="0.145">
    <failure type="io.cucumber.testng.UndefinedStepException" message="The step &amp;apos;User have browser with github home page&amp;apos; is undefined.
You can implement this step using the snippet(s) below:

@Given(&amp;quot;User have browser with github home page&amp;quot;)
public void user_have_browser_with_github_home_page() {
    // Write code here that turns the phrase above into concrete actions
    throw new io.cucumber.java.PendingException();
}
">
      <![CDATA[io.cucumber.testng.UndefinedStepException: The step 'User have browser with github home page' is undefined.
You can implement this step using the snippet(s) below:

@Given("User have browser with github home page")
public void user_have_browser_with_github_home_page() {
    // Write code here that turns the phrase above into concrete actions
    throw new io.cucumber.java.PendingException();
}

at ✽.User have browser with github home page(file:///C:/Users/ansarim/eclipse-workspace/BBDFramework/src/test/resources/feature/SignUp.feature:9)
]]>
    </failure>
  </testcase> <!-- runScenario -->
</testsuite> <!-- Default test -->
